This file contains any messages produced by compilers while
running configure, to aid debugging if configure makes a mistake.

It was created by ejabberd configure 15.07, which was
generated by GNU Autoconf 2.69.  Invocation command line was

  $ ./configure --enable-pgsql

## --------- ##
## Platform. ##
## --------- ##

hostname = funbook
uname -m = x86_64
uname -r = 3.16.0-53-generic
uname -s = Linux
uname -v = #72~14.04.1-Ubuntu SMP Fri Nov 6 18:17:23 UTC 2015

/usr/bin/uname -p = unknown
/bin/uname -X     = unknown

/bin/arch              = unknown
/usr/bin/arch -k       = unknown
/usr/convex/getsysinfo = unknown
/usr/bin/hostinfo      = unknown
/bin/machine           = unknown
/usr/bin/oslevel       = unknown
/bin/universe          = unknown

PATH: /home/madbrain/.rvm/gems/ruby-2.2.1/bin
PATH: /home/madbrain/.rvm/gems/ruby-2.2.1@global/bin
PATH: /home/madbrain/.rvm/rubies/ruby-2.2.1/bin
PATH: /usr/local/sbin
PATH: /usr/local/bin
PATH: /usr/sbin
PATH: /usr/bin
PATH: /sbin
PATH: /bin
PATH: /usr/games
PATH: /usr/local/games
PATH: /home/madbrain/.rvm/bin
PATH: /home/madbrain/.rvm/bin


## ----------- ##
## Core tests. ##
## ----------- ##

configure:1898: checking whether make sets $(MAKE)
configure:1920: result: yes
configure:1972: checking for a BSD-compatible install
configure:2040: result: /usr/bin/install -c
configure:2051: checking for a sed that does not truncate output
configure:2115: result: /bin/sed
configure:2184: checking for erl
configure:2202: found /usr/local/bin/erl
configure:2214: result: /usr/local/bin/erl
configure:2282: checking for erlc
configure:2300: found /usr/local/bin/erlc
configure:2312: result: /usr/local/bin/erlc
configure:2336: checking for erl
configure:2338: result: /usr/local/bin/erl
configure:2445: checking for erlc
configure:2447: result: /usr/local/bin/erlc
configure:2562: checking Erlang/OTP version
configure:2642: result: ok
configure:2737: checking for Erlang/OTP root directory
configure:2763: $ERLC $ERLCFLAGS -b beam conftest.$ac_ext >&5 && echo "#!/bin/sh" > conftest$ac_exeext && $as_echo "\"$ERL\" -run conftest start -run init stop -noshell" >> conftest$ac_exeext && chmod +x conftest$ac_exeext
configure:2763: $? = 0
configure:2763: ./conftest
configure:2763: $? = 0
configure:2784: result: /usr/local/lib/erlang
configure:2794: checking for escript
configure:2812: found /usr/local/lib/erlang/bin/escript
configure:2824: result: /usr/local/lib/erlang/bin/escript
configure:2836: checking for make
configure:2852: found /usr/bin/make
configure:2863: result: make
configure:3152: checking whether Erlang is using deprecated types
configure:3161: result: no
configure:4283: creating ./config.status

## ---------------------- ##
## Running config.status. ##
## ---------------------- ##

This file was extended by ejabberd config.status 15.07, which was
generated by GNU Autoconf 2.69.  Invocation command line was

  CONFIG_FILES    = 
  CONFIG_HEADERS  = 
  CONFIG_LINKS    = 
  CONFIG_COMMANDS = 
  $ ./config.status 

on funbook

config.status:758: creating Makefile
config.status:758: creating vars.config
config.status:758: creating src/ejabberd.app.src

## ---------------- ##
## Cache variables. ##
## ---------------- ##

ac_cv_env_CC_set=
ac_cv_env_CC_value=
ac_cv_env_CFLAGS_set=
ac_cv_env_CFLAGS_value=
ac_cv_env_CPPFLAGS_set=
ac_cv_env_CPPFLAGS_value=
ac_cv_env_ERLCFLAGS_set=
ac_cv_env_ERLCFLAGS_value=
ac_cv_env_ERLC_set=
ac_cv_env_ERLC_value=
ac_cv_env_ERL_set=
ac_cv_env_ERL_value=
ac_cv_env_LDFLAGS_set=
ac_cv_env_LDFLAGS_value=
ac_cv_env_LIBS_set=
ac_cv_env_LIBS_value=
ac_cv_env_build_alias_set=
ac_cv_env_build_alias_value=
ac_cv_env_host_alias_set=
ac_cv_env_host_alias_value=
ac_cv_env_target_alias_set=
ac_cv_env_target_alias_value=
ac_cv_erlang_root_dir=/usr/local/lib/erlang
ac_cv_path_ESCRIPT=/usr/local/lib/erlang/bin/escript
ac_cv_path_SED=/bin/sed
ac_cv_path_ac_pt_ERL=/usr/local/bin/erl
ac_cv_path_ac_pt_ERLC=/usr/local/bin/erlc
ac_cv_path_install='/usr/bin/install -c'
ac_cv_prog_MAKE=make
ac_cv_prog_make_make_set=yes

## ----------------- ##
## Output variables. ##
## ----------------- ##

CC=''
CFLAGS=''
CPPFLAGS=''
DEFS='-DPACKAGE_NAME=\"ejabberd\" -DPACKAGE_TARNAME=\"ejabberd\" -DPACKAGE_VERSION=\"15.07\" -DPACKAGE_STRING=\"ejabberd\ 15.07\" -DPACKAGE_BUGREPORT=\"ejabberd@process-one.net\" -DPACKAGE_URL=\"\"'
ECHO_C=''
ECHO_N='-n'
ECHO_T=''
ERL='/usr/local/bin/erl'
ERLANG_ROOT_DIR='/usr/local/lib/erlang'
ERLC='/usr/local/bin/erlc'
ERLCFLAGS=''
ESCRIPT='/usr/local/lib/erlang/bin/escript'
EXEEXT=''
INSTALLUSER=''
INSTALL_DATA='${INSTALL} -m 644'
INSTALL_PROGRAM='${INSTALL}'
INSTALL_SCRIPT='${INSTALL}'
LDFLAGS=''
LIBOBJS=''
LIBS=''
LTLIBOBJS=''
MAKE='make'
OBJEXT=''
PACKAGE_BUGREPORT='ejabberd@process-one.net'
PACKAGE_NAME='ejabberd'
PACKAGE_STRING='ejabberd 15.07'
PACKAGE_TARNAME='ejabberd'
PACKAGE_URL=''
PACKAGE_VERSION='15.07'
PATH_SEPARATOR=':'
SED='/bin/sed'
SET_MAKE=''
SHELL='/bin/bash'
SQLITE3_CFLAGS=''
SQLITE3_LDFLAGS=''
SQLITE3_VERSION=''
ac_ct_CC=''
bindir='${exec_prefix}/bin'
build_alias=''
datadir='${datarootdir}'
datarootdir='${prefix}/share'
db_type='generic'
debug='true'
docdir='${datarootdir}/doc/${PACKAGE_TARNAME}'
dvidir='${docdir}'
elixir='false'
erlang_deprecated_types='false'
exec_prefix='${prefix}'
full_xml='false'
hipe='false'
host_alias=''
htmldir='${docdir}'
iconv='true'
includedir='${prefix}/include'
infodir='${datarootdir}/info'
json='false'
lager='true'
libdir='${exec_prefix}/lib'
libexecdir='${exec_prefix}/libexec'
localedir='${datarootdir}/locale'
localstatedir='${prefix}/var'
mandir='${datarootdir}/man'
mysql='false'
nif='false'
odbc='false'
oldincludedir='/usr/include'
pam='false'
pdfdir='${docdir}'
pgsql='true'
prefix='/'
program_transform_name='s,x,x,'
psdir='${docdir}'
redis='false'
riak='false'
roster_gateway_workaround='false'
sbindir='${exec_prefix}/sbin'
sharedstatedir='${prefix}/com'
sqlite='false'
sysconfdir='${prefix}/etc'
target_alias=''
tools='false'
transient_supervisors='true'
zlib='true'

## ----------- ##
## confdefs.h. ##
## ----------- ##

/* confdefs.h */
#define PACKAGE_NAME "ejabberd"
#define PACKAGE_TARNAME "ejabberd"
#define PACKAGE_VERSION "15.07"
#define PACKAGE_STRING "ejabberd 15.07"
#define PACKAGE_BUGREPORT "ejabberd@process-one.net"
#define PACKAGE_URL ""

configure: exit 0
